[debug] [2024-10-27T01:33:26.008Z] ----------------------------------------------------------------------
[debug] [2024-10-27T01:33:26.010Z] Command:       /home/jorge/.nvm/versions/node/v21.7.3/bin/node /home/jorge/.nvm/versions/node/v21.7.3/bin/firebase deploy --only hosting:pide-turbo-pizza-13f2
[debug] [2024-10-27T01:33:26.011Z] CLI Version:   13.22.0
[debug] [2024-10-27T01:33:26.011Z] Platform:      linux
[debug] [2024-10-27T01:33:26.011Z] Node Version:  v21.7.3
[debug] [2024-10-27T01:33:26.011Z] Time:          Sat Oct 26 2024 19:33:26 GMT-0600 (hora estándar central)
[debug] [2024-10-27T01:33:26.011Z] ----------------------------------------------------------------------
[debug] 
[debug] [2024-10-27T01:33:26.071Z] > command requires scopes: ["email","openid","https://www.googleapis.com/auth/cloudplatformprojects.readonly","https://www.googleapis.com/auth/firebase","https://www.googleapis.com/auth/cloud-platform"]
[debug] [2024-10-27T01:33:26.072Z] > authorizing via signed-in user (valles.turbo.pizza@gmail.com)
[debug] [2024-10-27T01:33:26.072Z] [iam] checking project turbopizza-659fb for permissions ["firebase.projects.get","firebasehosting.sites.update"]
[debug] [2024-10-27T01:33:26.073Z] Checked if tokens are valid: true, expires at: 1729996295150
[debug] [2024-10-27T01:33:26.073Z] Checked if tokens are valid: true, expires at: 1729996295150
[debug] [2024-10-27T01:33:26.074Z] >>> [apiv2][query] POST https://cloudresourcemanager.googleapis.com/v1/projects/turbopizza-659fb:testIamPermissions [none]
[debug] [2024-10-27T01:33:26.074Z] >>> [apiv2][(partial)header] POST https://cloudresourcemanager.googleapis.com/v1/projects/turbopizza-659fb:testIamPermissions x-goog-quota-user=projects/turbopizza-659fb
[debug] [2024-10-27T01:33:26.074Z] >>> [apiv2][body] POST https://cloudresourcemanager.googleapis.com/v1/projects/turbopizza-659fb:testIamPermissions {"permissions":["firebase.projects.get","firebasehosting.sites.update"]}
[debug] [2024-10-27T01:33:26.406Z] <<< [apiv2][status] POST https://cloudresourcemanager.googleapis.com/v1/projects/turbopizza-659fb:testIamPermissions 200
[debug] [2024-10-27T01:33:26.406Z] <<< [apiv2][body] POST https://cloudresourcemanager.googleapis.com/v1/projects/turbopizza-659fb:testIamPermissions {"permissions":["firebase.projects.get","firebasehosting.sites.update"]}
[debug] [2024-10-27T01:33:26.407Z] Checked if tokens are valid: true, expires at: 1729996295150
[debug] [2024-10-27T01:33:26.407Z] Checked if tokens are valid: true, expires at: 1729996295150
[debug] [2024-10-27T01:33:26.407Z] >>> [apiv2][query] GET https://firebase.googleapis.com/v1beta1/projects/turbopizza-659fb [none]
[debug] [2024-10-27T01:33:26.772Z] <<< [apiv2][status] GET https://firebase.googleapis.com/v1beta1/projects/turbopizza-659fb 200
[debug] [2024-10-27T01:33:26.772Z] <<< [apiv2][body] GET https://firebase.googleapis.com/v1beta1/projects/turbopizza-659fb {"projectId":"turbopizza-659fb","projectNumber":"1091487285762","displayName":"turbopizza","name":"projects/turbopizza-659fb","resources":{"hostingSite":"turbopizza-659fb"},"state":"ACTIVE","etag":"1_7b400f10-e600-435f-b27d-8d1f2e8949ff"}
[info] 
   Thank you for trying our early preview of Next.js support on Firebase Hosting.
   During the preview, support is best-effort and breaking changes can be expected. Proceed with caution.
   The integration is known to work with Next.js version 12 - 14.0. You may encounter errors.

   Documentation: https://firebase.google.com/docs/hosting/frameworks/nextjs
   File a bug: https://github.com/firebase/firebase-tools/issues/new?template=bug_report.md
   Submit a feature request: https://github.com/firebase/firebase-tools/issues/new?template=feature_request.md

   We'd love to learn from you. Express your interest in helping us shape the future of Firebase Hosting: https://goo.gle/41enW5X

[debug] [2024-10-27T01:33:34.081Z] Checked if tokens are valid: true, expires at: 1729996295150
[debug] [2024-10-27T01:33:34.081Z] Checked if tokens are valid: true, expires at: 1729996295150
[debug] [2024-10-27T01:33:34.081Z] >>> [apiv2][query] GET https://firebasehosting.googleapis.com/v1beta1/projects/turbopizza-659fb/sites/turbopizza-659fb [none]
[debug] [2024-10-27T01:33:34.495Z] <<< [apiv2][status] GET https://firebasehosting.googleapis.com/v1beta1/projects/turbopizza-659fb/sites/turbopizza-659fb 200
[debug] [2024-10-27T01:33:34.495Z] <<< [apiv2][body] GET https://firebasehosting.googleapis.com/v1beta1/projects/turbopizza-659fb/sites/turbopizza-659fb {"name":"projects/turbopizza-659fb/sites/turbopizza-659fb","defaultUrl":"https://turbopizza-659fb.web.app","appId":"1:1091487285762:web:9c36b1cecdcbdea5239d1b","type":"DEFAULT_SITE"}
[info]   ▲ Next.js 15.0.1

[info] 

[info]    Creating an optimized production build ...

[info]  ✓ Compiled successfully

[info]    Linting and checking validity of types ...

[info]    Collecting page data ...

[info]    Generating static pages (0/11) ...

[info]    Generating static pages (2/11) 

[info]    Generating static pages (5/11) 
   Generating static pages (8/11) 
 ✓ Generating static pages (11/11)

[info]    Finalizing page optimization ...

[info]    Collecting build traces ...

[info] 

[info] Route (app)                              Size     First Load JS
┌ ○ /                                    1.62 kB         136 kB
├ ○ /_not-found                          897 B           100 kB
├ ○ /dashboard                           1.56 kB         126 kB
├ ○ /login                               1.59 kB         130 kB
├ ○ /registro                            2.38 kB         139 kB
└ ○ /reset-password                      1.38 kB         110 kB
+ First Load JS shared by all            99.1 kB
  ├ chunks/215-9e1358ca64e3066f.js       44.6 kB
  ├ chunks/4bd1b696-919df3a8036762b6.js  52.6 kB
  └ other shared chunks (total)          1.91 kB


[info] 
○  (Static)  prerendered as static content


[info] Building a Cloud Function to run this application. This is needed due to:
[info]  • Image Optimization
[info] 
[debug] [2024-10-27T01:33:58.445Z] Checked if tokens are valid: true, expires at: 1729996295150
[debug] [2024-10-27T01:33:58.445Z] Checked if tokens are valid: true, expires at: 1729996295150
[debug] [2024-10-27T01:33:58.446Z] >>> [apiv2][query] GET https://firebasehosting.googleapis.com/v1beta1/projects/turbopizza-659fb/sites/turbopizza-659fb [none]
[debug] [2024-10-27T01:33:58.778Z] <<< [apiv2][status] GET https://firebasehosting.googleapis.com/v1beta1/projects/turbopizza-659fb/sites/turbopizza-659fb 200
[debug] [2024-10-27T01:33:58.778Z] <<< [apiv2][body] GET https://firebasehosting.googleapis.com/v1beta1/projects/turbopizza-659fb/sites/turbopizza-659fb {"name":"projects/turbopizza-659fb/sites/turbopizza-659fb","defaultUrl":"https://turbopizza-659fb.web.app","appId":"1:1091487285762:web:9c36b1cecdcbdea5239d1b","type":"DEFAULT_SITE"}
[warn] ⚠  This integration expects Node version 16, 18, or 20. You're running version 21, problems may be encountered. 
[debug] [2024-10-27T01:34:01.600Z] Error: Command failed: npm i --omit dev --no-audit
    at genericNodeError (node:internal/errors:984:15)
    at wrappedFn (node:internal/errors:538:14)
    at checkExecSyncError (node:child_process:890:11)
    at execSync (node:child_process:962:15)
    at prepareFrameworks (/home/jorge/.nvm/versions/node/v21.7.3/lib/node_modules/firebase-tools/lib/frameworks/index.js:371:42)
    at async deploy (/home/jorge/.nvm/versions/node/v21.7.3/lib/node_modules/firebase-tools/lib/deploy/index.js:58:13)
[error] 
[error] Error: An unexpected error has occurred.
[debug] [2024-10-27T01:35:09.031Z] ----------------------------------------------------------------------
[debug] [2024-10-27T01:35:09.035Z] Command:       /usr/local/bin/firebase /home/jorge/.cache/firebase/tools/lib/node_modules/firebase-tools/lib/bin/firebase deploy --only hosting:pide-turbo-pizza-13f2
[debug] [2024-10-27T01:35:09.036Z] CLI Version:   13.6.0
[debug] [2024-10-27T01:35:09.037Z] Platform:      linux
[debug] [2024-10-27T01:35:09.037Z] Node Version:  v18.5.0
[debug] [2024-10-27T01:35:09.053Z] Time:          Sat Oct 26 2024 20:35:09 GMT-0500 (GMT-05:00)
[debug] [2024-10-27T01:35:09.054Z] ----------------------------------------------------------------------
[debug] 
[debug] [2024-10-27T01:35:09.140Z] > command requires scopes: ["email","openid","https://www.googleapis.com/auth/cloudplatformprojects.readonly","https://www.googleapis.com/auth/firebase","https://www.googleapis.com/auth/cloud-platform"]
[debug] [2024-10-27T01:35:09.140Z] > authorizing via signed-in user (valles.turbo.pizza@gmail.com)
[debug] [2024-10-27T01:35:09.141Z] [iam] checking project turbopizza-659fb for permissions ["firebase.projects.get","firebasehosting.sites.update"]
[debug] [2024-10-27T01:35:09.144Z] >>> [apiv2][query] POST https://cloudresourcemanager.googleapis.com/v1/projects/turbopizza-659fb:testIamPermissions [none]
[debug] [2024-10-27T01:35:09.144Z] >>> [apiv2][(partial)header] POST https://cloudresourcemanager.googleapis.com/v1/projects/turbopizza-659fb:testIamPermissions x-goog-quota-user=projects/turbopizza-659fb
[debug] [2024-10-27T01:35:09.144Z] >>> [apiv2][body] POST https://cloudresourcemanager.googleapis.com/v1/projects/turbopizza-659fb:testIamPermissions {"permissions":["firebase.projects.get","firebasehosting.sites.update"]}
[debug] [2024-10-27T01:35:09.484Z] <<< [apiv2][status] POST https://cloudresourcemanager.googleapis.com/v1/projects/turbopizza-659fb:testIamPermissions 200
[debug] [2024-10-27T01:35:09.485Z] <<< [apiv2][body] POST https://cloudresourcemanager.googleapis.com/v1/projects/turbopizza-659fb:testIamPermissions {"permissions":["firebase.projects.get","firebasehosting.sites.update"]}
[debug] [2024-10-27T01:35:09.489Z] >>> [apiv2][query] GET https://firebase.googleapis.com/v1beta1/projects/turbopizza-659fb [none]
[debug] [2024-10-27T01:35:09.858Z] <<< [apiv2][status] GET https://firebase.googleapis.com/v1beta1/projects/turbopizza-659fb 200
[debug] [2024-10-27T01:35:09.859Z] <<< [apiv2][body] GET https://firebase.googleapis.com/v1beta1/projects/turbopizza-659fb {"projectId":"turbopizza-659fb","projectNumber":"1091487285762","displayName":"turbopizza","name":"projects/turbopizza-659fb","resources":{"hostingSite":"turbopizza-659fb"},"state":"ACTIVE","etag":"1_7b400f10-e600-435f-b27d-8d1f2e8949ff"}
[info] 
   Thank you for trying our early preview of Next.js support on Firebase Hosting.
   During the preview, support is best-effort and breaking changes can be expected. Proceed with caution.
   The integration is known to work with Next.js version 12 - 14.0. You may encounter errors.

   Documentation: https://firebase.google.com/docs/hosting/frameworks/nextjs
   File a bug: https://github.com/firebase/firebase-tools/issues/new?template=bug_report.md
   Submit a feature request: https://github.com/firebase/firebase-tools/issues/new?template=feature_request.md

   We'd love to learn from you. Express your interest in helping us shape the future of Firebase Hosting: https://goo.gle/41enW5X

[debug] [2024-10-27T01:35:18.271Z] >>> [apiv2][query] GET https://firebasehosting.googleapis.com/v1beta1/projects/turbopizza-659fb/sites/turbopizza-659fb [none]
[debug] [2024-10-27T01:35:18.589Z] <<< [apiv2][status] GET https://firebasehosting.googleapis.com/v1beta1/projects/turbopizza-659fb/sites/turbopizza-659fb 200
[debug] [2024-10-27T01:35:18.589Z] <<< [apiv2][body] GET https://firebasehosting.googleapis.com/v1beta1/projects/turbopizza-659fb/sites/turbopizza-659fb {"name":"projects/turbopizza-659fb/sites/turbopizza-659fb","defaultUrl":"https://turbopizza-659fb.web.app","appId":"1:1091487285762:web:9c36b1cecdcbdea5239d1b","type":"DEFAULT_SITE"}
[info] You are using Node.js 18.5.0. For Next.js, Node.js version >= v18.18.0 is required.

[info] Building a Cloud Function to run this application. This is needed due to:
[info]  • Image Optimization
[info]  • non-static component /_not-found/page
[info] 
[debug] [2024-10-27T01:35:19.259Z] >>> [apiv2][query] GET https://firebasehosting.googleapis.com/v1beta1/projects/turbopizza-659fb/sites/turbopizza-659fb [none]
[debug] [2024-10-27T01:35:19.581Z] <<< [apiv2][status] GET https://firebasehosting.googleapis.com/v1beta1/projects/turbopizza-659fb/sites/turbopizza-659fb 200
[debug] [2024-10-27T01:35:19.581Z] <<< [apiv2][body] GET https://firebasehosting.googleapis.com/v1beta1/projects/turbopizza-659fb/sites/turbopizza-659fb {"name":"projects/turbopizza-659fb/sites/turbopizza-659fb","defaultUrl":"https://turbopizza-659fb.web.app","appId":"1:1091487285762:web:9c36b1cecdcbdea5239d1b","type":"DEFAULT_SITE"}
[debug] [2024-10-27T01:35:23.311Z] Error: Command failed: npm i --omit dev --no-audit
    at checkExecSyncError (node:child_process:820:11)
    at Object.execSync (node:child_process:891:15)
    at execSync (pkg/prelude/bootstrap.js:2111:30)
    at prepareFrameworks (/home/jorge/.cache/firebase/tools/lib/node_modules/firebase-tools/lib/frameworks/index.js:375:42)
    at async deploy (/home/jorge/.cache/firebase/tools/lib/node_modules/firebase-tools/lib/deploy/index.js:55:13)
[error] 
[error] Error: An unexpected error has occurred.
[debug] [2024-10-27T01:39:58.193Z] ----------------------------------------------------------------------
[debug] [2024-10-27T01:39:58.195Z] Command:       /usr/local/bin/firebase /home/jorge/.cache/firebase/tools/lib/node_modules/firebase-tools/lib/bin/firebase deploy --only hosting:pide-turbo-pizza-13f2
[debug] [2024-10-27T01:39:58.196Z] CLI Version:   13.6.0
[debug] [2024-10-27T01:39:58.196Z] Platform:      linux
[debug] [2024-10-27T01:39:58.196Z] Node Version:  v18.5.0
[debug] [2024-10-27T01:39:58.210Z] Time:          Sat Oct 26 2024 20:39:58 GMT-0500 (GMT-05:00)
[debug] [2024-10-27T01:39:58.210Z] ----------------------------------------------------------------------
[debug] 
[debug] [2024-10-27T01:39:58.287Z] > command requires scopes: ["email","openid","https://www.googleapis.com/auth/cloudplatformprojects.readonly","https://www.googleapis.com/auth/firebase","https://www.googleapis.com/auth/cloud-platform"]
[debug] [2024-10-27T01:39:58.287Z] > authorizing via signed-in user (valles.turbo.pizza@gmail.com)
[debug] [2024-10-27T01:39:58.288Z] [iam] checking project turbopizza-659fb for permissions ["firebase.projects.get","firebasehosting.sites.update"]
[debug] [2024-10-27T01:39:58.291Z] >>> [apiv2][query] POST https://cloudresourcemanager.googleapis.com/v1/projects/turbopizza-659fb:testIamPermissions [none]
[debug] [2024-10-27T01:39:58.291Z] >>> [apiv2][(partial)header] POST https://cloudresourcemanager.googleapis.com/v1/projects/turbopizza-659fb:testIamPermissions x-goog-quota-user=projects/turbopizza-659fb
[debug] [2024-10-27T01:39:58.292Z] >>> [apiv2][body] POST https://cloudresourcemanager.googleapis.com/v1/projects/turbopizza-659fb:testIamPermissions {"permissions":["firebase.projects.get","firebasehosting.sites.update"]}
[debug] [2024-10-27T01:39:58.696Z] <<< [apiv2][status] POST https://cloudresourcemanager.googleapis.com/v1/projects/turbopizza-659fb:testIamPermissions 200
[debug] [2024-10-27T01:39:58.696Z] <<< [apiv2][body] POST https://cloudresourcemanager.googleapis.com/v1/projects/turbopizza-659fb:testIamPermissions {"permissions":["firebase.projects.get","firebasehosting.sites.update"]}
[debug] [2024-10-27T01:39:58.698Z] >>> [apiv2][query] GET https://firebase.googleapis.com/v1beta1/projects/turbopizza-659fb [none]
[debug] [2024-10-27T01:39:59.106Z] <<< [apiv2][status] GET https://firebase.googleapis.com/v1beta1/projects/turbopizza-659fb 200
[debug] [2024-10-27T01:39:59.106Z] <<< [apiv2][body] GET https://firebase.googleapis.com/v1beta1/projects/turbopizza-659fb {"projectId":"turbopizza-659fb","projectNumber":"1091487285762","displayName":"turbopizza","name":"projects/turbopizza-659fb","resources":{"hostingSite":"turbopizza-659fb"},"state":"ACTIVE","etag":"1_7b400f10-e600-435f-b27d-8d1f2e8949ff"}
[info] 
   Thank you for trying our early preview of Next.js support on Firebase Hosting.
   During the preview, support is best-effort and breaking changes can be expected. Proceed with caution.
   The integration is known to work with Next.js version 12 - 14.0. You may encounter errors.

   Documentation: https://firebase.google.com/docs/hosting/frameworks/nextjs
   File a bug: https://github.com/firebase/firebase-tools/issues/new?template=bug_report.md
   Submit a feature request: https://github.com/firebase/firebase-tools/issues/new?template=feature_request.md

   We'd love to learn from you. Express your interest in helping us shape the future of Firebase Hosting: https://goo.gle/41enW5X

[debug] [2024-10-27T01:40:07.791Z] >>> [apiv2][query] GET https://firebasehosting.googleapis.com/v1beta1/projects/turbopizza-659fb/sites/turbopizza-659fb [none]
[debug] [2024-10-27T01:40:08.221Z] <<< [apiv2][status] GET https://firebasehosting.googleapis.com/v1beta1/projects/turbopizza-659fb/sites/turbopizza-659fb 200
[debug] [2024-10-27T01:40:08.222Z] <<< [apiv2][body] GET https://firebasehosting.googleapis.com/v1beta1/projects/turbopizza-659fb/sites/turbopizza-659fb {"name":"projects/turbopizza-659fb/sites/turbopizza-659fb","defaultUrl":"https://turbopizza-659fb.web.app","appId":"1:1091487285762:web:9c36b1cecdcbdea5239d1b","type":"DEFAULT_SITE"}
[info] You are using Node.js 18.5.0. For Next.js, Node.js version >= v18.18.0 is required.

[info] Building a Cloud Function to run this application. This is needed due to:
[info]  • Image Optimization
[info]  • non-static component /_not-found/page
[info] 
[debug] [2024-10-27T01:40:09.010Z] >>> [apiv2][query] GET https://firebasehosting.googleapis.com/v1beta1/projects/turbopizza-659fb/sites/turbopizza-659fb [none]
[debug] [2024-10-27T01:40:09.300Z] <<< [apiv2][status] GET https://firebasehosting.googleapis.com/v1beta1/projects/turbopizza-659fb/sites/turbopizza-659fb 200
[debug] [2024-10-27T01:40:09.300Z] <<< [apiv2][body] GET https://firebasehosting.googleapis.com/v1beta1/projects/turbopizza-659fb/sites/turbopizza-659fb {"name":"projects/turbopizza-659fb/sites/turbopizza-659fb","defaultUrl":"https://turbopizza-659fb.web.app","appId":"1:1091487285762:web:9c36b1cecdcbdea5239d1b","type":"DEFAULT_SITE"}
[debug] [2024-10-27T01:40:11.367Z] Error: Command failed: npm i --omit dev --no-audit
    at checkExecSyncError (node:child_process:820:11)
    at Object.execSync (node:child_process:891:15)
    at execSync (pkg/prelude/bootstrap.js:2111:30)
    at prepareFrameworks (/home/jorge/.cache/firebase/tools/lib/node_modules/firebase-tools/lib/frameworks/index.js:375:42)
    at async deploy (/home/jorge/.cache/firebase/tools/lib/node_modules/firebase-tools/lib/deploy/index.js:55:13)
[error] 
[error] Error: An unexpected error has occurred.
[debug] [2024-10-27T01:40:44.396Z] ----------------------------------------------------------------------
[debug] [2024-10-27T01:40:44.398Z] Command:       /usr/local/bin/firebase /home/jorge/.cache/firebase/tools/lib/node_modules/firebase-tools/lib/bin/firebase deploy --only hosting:pide-turbo-pizza-13f2
[debug] [2024-10-27T01:40:44.398Z] CLI Version:   13.6.0
[debug] [2024-10-27T01:40:44.398Z] Platform:      linux
[debug] [2024-10-27T01:40:44.398Z] Node Version:  v18.5.0
[debug] [2024-10-27T01:40:44.399Z] Time:          Sat Oct 26 2024 20:40:44 GMT-0500 (GMT-05:00)
[debug] [2024-10-27T01:40:44.399Z] ----------------------------------------------------------------------
[debug] 
[debug] [2024-10-27T01:40:44.466Z] > command requires scopes: ["email","openid","https://www.googleapis.com/auth/cloudplatformprojects.readonly","https://www.googleapis.com/auth/firebase","https://www.googleapis.com/auth/cloud-platform"]
[debug] [2024-10-27T01:40:44.466Z] > authorizing via signed-in user (valles.turbo.pizza@gmail.com)
[debug] [2024-10-27T01:40:44.467Z] [iam] checking project turbopizza-659fb for permissions ["firebase.projects.get","firebasehosting.sites.update"]
[debug] [2024-10-27T01:40:44.469Z] >>> [apiv2][query] POST https://cloudresourcemanager.googleapis.com/v1/projects/turbopizza-659fb:testIamPermissions [none]
[debug] [2024-10-27T01:40:44.469Z] >>> [apiv2][(partial)header] POST https://cloudresourcemanager.googleapis.com/v1/projects/turbopizza-659fb:testIamPermissions x-goog-quota-user=projects/turbopizza-659fb
[debug] [2024-10-27T01:40:44.469Z] >>> [apiv2][body] POST https://cloudresourcemanager.googleapis.com/v1/projects/turbopizza-659fb:testIamPermissions {"permissions":["firebase.projects.get","firebasehosting.sites.update"]}
[debug] [2024-10-27T01:40:44.759Z] <<< [apiv2][status] POST https://cloudresourcemanager.googleapis.com/v1/projects/turbopizza-659fb:testIamPermissions 200
[debug] [2024-10-27T01:40:44.760Z] <<< [apiv2][body] POST https://cloudresourcemanager.googleapis.com/v1/projects/turbopizza-659fb:testIamPermissions {"permissions":["firebase.projects.get","firebasehosting.sites.update"]}
[debug] [2024-10-27T01:40:44.761Z] >>> [apiv2][query] GET https://firebase.googleapis.com/v1beta1/projects/turbopizza-659fb [none]
[debug] [2024-10-27T01:40:45.068Z] <<< [apiv2][status] GET https://firebase.googleapis.com/v1beta1/projects/turbopizza-659fb 200
[debug] [2024-10-27T01:40:45.069Z] <<< [apiv2][body] GET https://firebase.googleapis.com/v1beta1/projects/turbopizza-659fb {"projectId":"turbopizza-659fb","projectNumber":"1091487285762","displayName":"turbopizza","name":"projects/turbopizza-659fb","resources":{"hostingSite":"turbopizza-659fb"},"state":"ACTIVE","etag":"1_7b400f10-e600-435f-b27d-8d1f2e8949ff"}
[info] 
   Thank you for trying our early preview of Next.js support on Firebase Hosting.
   During the preview, support is best-effort and breaking changes can be expected. Proceed with caution.
   The integration is known to work with Next.js version 12 - 14.0. You may encounter errors.

   Documentation: https://firebase.google.com/docs/hosting/frameworks/nextjs
   File a bug: https://github.com/firebase/firebase-tools/issues/new?template=bug_report.md
   Submit a feature request: https://github.com/firebase/firebase-tools/issues/new?template=feature_request.md

   We'd love to learn from you. Express your interest in helping us shape the future of Firebase Hosting: https://goo.gle/41enW5X

[debug] [2024-10-27T01:40:53.064Z] >>> [apiv2][query] GET https://firebasehosting.googleapis.com/v1beta1/projects/turbopizza-659fb/sites/turbopizza-659fb [none]
[debug] [2024-10-27T01:40:53.381Z] <<< [apiv2][status] GET https://firebasehosting.googleapis.com/v1beta1/projects/turbopizza-659fb/sites/turbopizza-659fb 200
[debug] [2024-10-27T01:40:53.381Z] <<< [apiv2][body] GET https://firebasehosting.googleapis.com/v1beta1/projects/turbopizza-659fb/sites/turbopizza-659fb {"name":"projects/turbopizza-659fb/sites/turbopizza-659fb","defaultUrl":"https://turbopizza-659fb.web.app","appId":"1:1091487285762:web:9c36b1cecdcbdea5239d1b","type":"DEFAULT_SITE"}
[info] You are using Node.js 18.5.0. For Next.js, Node.js version >= v18.18.0 is required.

[info] Building a Cloud Function to run this application. This is needed due to:
[info]  • Image Optimization
[info]  • non-static component /_not-found/page
[info] 
[debug] [2024-10-27T01:40:53.923Z] >>> [apiv2][query] GET https://firebasehosting.googleapis.com/v1beta1/projects/turbopizza-659fb/sites/turbopizza-659fb [none]
[debug] [2024-10-27T01:40:54.226Z] <<< [apiv2][status] GET https://firebasehosting.googleapis.com/v1beta1/projects/turbopizza-659fb/sites/turbopizza-659fb 200
[debug] [2024-10-27T01:40:54.226Z] <<< [apiv2][body] GET https://firebasehosting.googleapis.com/v1beta1/projects/turbopizza-659fb/sites/turbopizza-659fb {"name":"projects/turbopizza-659fb/sites/turbopizza-659fb","defaultUrl":"https://turbopizza-659fb.web.app","appId":"1:1091487285762:web:9c36b1cecdcbdea5239d1b","type":"DEFAULT_SITE"}
[debug] [2024-10-27T01:40:56.316Z] Error: Command failed: npm i --omit dev --no-audit
    at checkExecSyncError (node:child_process:820:11)
    at Object.execSync (node:child_process:891:15)
    at execSync (pkg/prelude/bootstrap.js:2111:30)
    at prepareFrameworks (/home/jorge/.cache/firebase/tools/lib/node_modules/firebase-tools/lib/frameworks/index.js:375:42)
    at async deploy (/home/jorge/.cache/firebase/tools/lib/node_modules/firebase-tools/lib/deploy/index.js:55:13)
[error] 
[error] Error: An unexpected error has occurred.
